<?xml version="1.0" encoding="UTF-8"?>
<testng-results skipped="0" failed="0" ignored="0" total="0" passed="0">
  <reporter-output>
  </reporter-output>
  <suite name="APITesting.com.org.api.AppTest" duration-ms="6" started-at="2020-04-04T18:26:13 IST" finished-at="2020-04-04T18:26:13 IST">
    <groups>
    </groups>
    <test name="Command line test" duration-ms="6" started-at="2020-04-04T18:26:13 IST" finished-at="2020-04-04T18:26:13 IST">
    </test> <!-- Command line test -->
  </suite> <!-- APITesting.com.org.api.AppTest -->
</testng-results>
