<?xml version="1.0" encoding="UTF-8"?>
<testng-results skipped="0" failed="0" ignored="0" total="1" passed="1">
  <reporter-output>
  </reporter-output>
  <suite name="Default suite" duration-ms="3013" started-at="2020-04-21T16:36:22 IST" finished-at="2020-04-21T16:36:25 IST">
    <groups>
    </groups>
    <test name="Default test" duration-ms="3013" started-at="2020-04-21T16:36:22 IST" finished-at="2020-04-21T16:36:25 IST">
      <class name="com.api.programs.GetBodyFromJsonFile">
        <test-method status="PASS" signature="addBook()[pri:0, instance:com.api.programs.GetBodyFromJsonFile@3dfc5fb8]" name="addBook" duration-ms="2968" started-at="2020-04-21T16:36:22 IST" finished-at="2020-04-21T16:36:25 IST">
          <reporter-output>
          </reporter-output>
        </test-method> <!-- addBook -->
      </class> <!-- com.api.programs.GetBodyFromJsonFile -->
    </test> <!-- Default test -->
  </suite> <!-- Default suite -->
</testng-results>
